<?xml version="1.0" encoding="UTF-8"?>
<testng-results ignored="0" total="8" passed="8" failed="0" skipped="0">
  <reporter-output>
  </reporter-output>
  <suite started-at="2026-09-07T01:12:53 IST" name="Nimap FieldForceConnect Suite" finished-at="2026-09-07T01:17:30 IST" duration-ms="276943">
    <groups>
    </groups>
    <test started-at="2026-09-07T01:12:53 IST" name="Login Tests" finished-at="2026-09-07T01:15:18 IST" duration-ms="145331">
      <class name="com.nimap.tests.LoginTest">
        <test-method is-config="true" signature="setUp()[pri:0, instance:com.nimap.tests.LoginTest@609cd4d8]" started-at="2026-09-07T01:12:53 IST" name="setUp" finished-at="2026-09-07T01:12:58 IST" duration-ms="4708" status="PASS">
          <reporter-output>
          </reporter-output>
        </test-method> <!-- setUp -->
        <test-method signature="validateLogin(java.lang.String,java.lang.String,java.lang.String)[pri:0, instance:com.nimap.tests.LoginTest@609cd4d8]" started-at="2026-09-07T01:12:58 IST" name="validateLogin" data-provider="loginData" finished-at="2026-09-07T01:13:20 IST" duration-ms="21781" status="PASS">
          <params>
            <param index="0">
              <value>
                <![CDATA[bhoiprashant179@gmail.com]]>
              </value>
            </param>
            <param index="1">
              <value>
                <![CDATA[Test@1234]]>
              </value>
            </param>
            <param index="2">
              <value>
                <![CDATA[Success]]>
              </value>
            </param>
          </params>
          <reporter-output>
          </reporter-output>
        </test-method> <!-- validateLogin -->
        <test-method is-config="true" signature="tearDown()[pri:0, instance:com.nimap.tests.LoginTest@609cd4d8]" started-at="2026-09-07T01:13:20 IST" name="tearDown" finished-at="2026-09-07T01:13:20 IST" duration-ms="201" status="PASS">
          <reporter-output>
          </reporter-output>
        </test-method> <!-- tearDown -->
        <test-method is-config="true" signature="setUp()[pri:0, instance:com.nimap.tests.LoginTest@609cd4d8]" started-at="2026-09-07T01:13:20 IST" name="setUp" finished-at="2026-09-07T01:13:24 IST" duration-ms="4321" status="PASS">
          <reporter-output>
          </reporter-output>
        </test-method> <!-- setUp -->
        <test-method signature="validateLogin(java.lang.String,java.lang.String,java.lang.String)[pri:0, instance:com.nimap.tests.LoginTest@609cd4d8]" started-at="2026-09-07T01:13:24 IST" name="validateLogin" data-provider="loginData" finished-at="2026-09-07T01:13:56 IST" duration-ms="31108" status="PASS">
          <params>
            <param index="0">
              <value>
                <![CDATA[bhoiprashant179@gmail.com]]>
              </value>
            </param>
            <param index="1">
              <value>
                <![CDATA[WrongPass1]]>
              </value>
            </param>
            <param index="2">
              <value>
                <![CDATA[Failure]]>
              </value>
            </param>
          </params>
          <reporter-output>
          </reporter-output>
        </test-method> <!-- validateLogin -->
        <test-method is-config="true" signature="tearDown()[pri:0, instance:com.nimap.tests.LoginTest@609cd4d8]" started-at="2026-09-07T01:13:56 IST" name="tearDown" finished-at="2026-09-07T01:13:56 IST" duration-ms="195" status="PASS">
          <reporter-output>
          </reporter-output>
        </test-method> <!-- tearDown -->
        <test-method is-config="true" signature="setUp()[pri:0, instance:com.nimap.tests.LoginTest@609cd4d8]" started-at="2026-09-07T01:13:56 IST" name="setUp" finished-at="2026-09-07T01:13:59 IST" duration-ms="3517" status="PASS">
          <reporter-output>
          </reporter-output>
        </test-method> <!-- setUp -->
        <test-method signature="validateLogin(java.lang.String,java.lang.String,java.lang.String)[pri:0, instance:com.nimap.tests.LoginTest@609cd4d8]" started-at="2026-09-07T01:13:59 IST" name="validateLogin" data-provider="loginData" finished-at="2026-09-07T01:14:35 IST" duration-ms="36170" status="PASS">
          <params>
            <param index="0">
              <value>
                <![CDATA[]]>
              </value>
            </param>
            <param index="1">
              <value>
                <![CDATA[Test@1234]]>
              </value>
            </param>
            <param index="2">
              <value>
                <![CDATA[Failure]]>
              </value>
            </param>
          </params>
          <reporter-output>
          </reporter-output>
        </test-method> <!-- validateLogin -->
        <test-method is-config="true" signature="tearDown()[pri:0, instance:com.nimap.tests.LoginTest@609cd4d8]" started-at="2026-09-07T01:14:35 IST" name="tearDown" finished-at="2026-09-07T01:14:36 IST" duration-ms="226" status="PASS">
          <reporter-output>
          </reporter-output>
        </test-method> <!-- tearDown -->
        <test-method is-config="true" signature="setUp()[pri:0, instance:com.nimap.tests.LoginTest@609cd4d8]" started-at="2026-09-07T01:14:36 IST" name="setUp" finished-at="2026-09-07T01:14:41 IST" duration-ms="5507" status="PASS">
          <reporter-output>
          </reporter-output>
        </test-method> <!-- setUp -->
        <test-method signature="validateLogin(java.lang.String,java.lang.String,java.lang.String)[pri:0, instance:com.nimap.tests.LoginTest@609cd4d8]" started-at="2026-09-07T01:14:41 IST" name="validateLogin" data-provider="loginData" finished-at="2026-09-07T01:15:18 IST" duration-ms="36756" status="PASS">
          <params>
            <param index="0">
              <value>
                <![CDATA[bhoiprashant179@gmail.com]]>
              </value>
            </param>
            <param index="1">
              <value>
                <![CDATA[]]>
              </value>
            </param>
            <param index="2">
              <value>
                <![CDATA[Failure]]>
              </value>
            </param>
          </params>
          <reporter-output>
          </reporter-output>
        </test-method> <!-- validateLogin -->
        <test-method is-config="true" signature="tearDown()[pri:0, instance:com.nimap.tests.LoginTest@609cd4d8]" started-at="2026-09-07T01:15:18 IST" name="tearDown" finished-at="2026-09-07T01:15:18 IST" duration-ms="209" status="PASS">
          <reporter-output>
          </reporter-output>
        </test-method> <!-- tearDown -->
      </class> <!-- com.nimap.tests.LoginTest -->
    </test> <!-- Login Tests -->
    <test started-at="2026-09-07T01:15:18 IST" name="PunchIn Toast Tests" finished-at="2026-09-07T01:15:18 IST" duration-ms="1">
    </test> <!-- PunchIn Toast Tests -->
    <test started-at="2026-09-07T01:15:18 IST" name="Add Customer Tests" finished-at="2026-09-07T01:17:30 IST" duration-ms="131575">
      <class name="com.nimap.tests.AddCustomerTest">
        <test-method is-config="true" signature="setUp()[pri:0, instance:com.nimap.tests.AddCustomerTest@671a5887]" started-at="2026-09-07T01:15:18 IST" name="setUp" finished-at="2026-09-07T01:15:23 IST" duration-ms="4556" status="PASS">
          <reporter-output>
          </reporter-output>
        </test-method> <!-- setUp -->
        <test-method is-config="true" signature="loginFirst()[pri:0, instance:com.nimap.tests.AddCustomerTest@671a5887]" started-at="2026-09-07T01:15:23 IST" name="loginFirst" finished-at="2026-09-07T01:15:36 IST" duration-ms="13594" status="PASS">
          <reporter-output>
          </reporter-output>
        </test-method> <!-- loginFirst -->
        <test-method signature="validateAddCustomer(java.lang.String,java.lang.String,java.lang.String,java.lang.String)[pri:0, instance:com.nimap.tests.AddCustomerTest@671a5887]" started-at="2026-09-07T01:15:36 IST" name="validateAddCustomer" data-provider="customerData" finished-at="2026-09-07T01:15:53 IST" duration-ms="16305" status="PASS">
          <params>
            <param index="0">
              <value>
                <![CDATA[Rahul Sharma]]>
              </value>
            </param>
            <param index="1">
              <value>
                <![CDATA[rahul.sharma@example.com]]>
              </value>
            </param>
            <param index="2">
              <value>
                <![CDATA[9876543210]]>
              </value>
            </param>
            <param index="3">
              <value>
                <![CDATA[Success]]>
              </value>
            </param>
          </params>
          <reporter-output>
          </reporter-output>
        </test-method> <!-- validateAddCustomer -->
        <test-method is-config="true" signature="tearDown()[pri:0, instance:com.nimap.tests.AddCustomerTest@671a5887]" started-at="2026-09-07T01:15:53 IST" name="tearDown" finished-at="2026-09-07T01:15:53 IST" duration-ms="197" status="PASS">
          <reporter-output>
          </reporter-output>
        </test-method> <!-- tearDown -->
        <test-method is-config="true" signature="setUp()[pri:0, instance:com.nimap.tests.AddCustomerTest@671a5887]" started-at="2026-09-07T01:15:53 IST" name="setUp" finished-at="2026-09-07T01:15:57 IST" duration-ms="3821" status="PASS">
          <reporter-output>
          </reporter-output>
        </test-method> <!-- setUp -->
        <test-method is-config="true" signature="loginFirst()[pri:0, instance:com.nimap.tests.AddCustomerTest@671a5887]" started-at="2026-09-07T01:15:57 IST" name="loginFirst" finished-at="2026-09-07T01:16:09 IST" duration-ms="11859" status="PASS">
          <reporter-output>
          </reporter-output>
        </test-method> <!-- loginFirst -->
        <test-method signature="validateAddCustomer(java.lang.String,java.lang.String,java.lang.String,java.lang.String)[pri:0, instance:com.nimap.tests.AddCustomerTest@671a5887]" started-at="2026-09-07T01:16:09 IST" name="validateAddCustomer" data-provider="customerData" finished-at="2026-09-07T01:16:27 IST" duration-ms="18379" status="PASS">
          <params>
            <param index="0">
              <value>
                <![CDATA[Priya Singh]]>
              </value>
            </param>
            <param index="1">
              <value>
                <![CDATA[priya.singh@example.com]]>
              </value>
            </param>
            <param index="2">
              <value>
                <![CDATA[9876543211]]>
              </value>
            </param>
            <param index="3">
              <value>
                <![CDATA[Success]]>
              </value>
            </param>
          </params>
          <reporter-output>
          </reporter-output>
        </test-method> <!-- validateAddCustomer -->
        <test-method is-config="true" signature="tearDown()[pri:0, instance:com.nimap.tests.AddCustomerTest@671a5887]" started-at="2026-09-07T01:16:27 IST" name="tearDown" finished-at="2026-09-07T01:16:27 IST" duration-ms="230" status="PASS">
          <reporter-output>
          </reporter-output>
        </test-method> <!-- tearDown -->
        <test-method is-config="true" signature="setUp()[pri:0, instance:com.nimap.tests.AddCustomerTest@671a5887]" started-at="2026-09-07T01:16:27 IST" name="setUp" finished-at="2026-09-07T01:16:32 IST" duration-ms="4500" status="PASS">
          <reporter-output>
          </reporter-output>
        </test-method> <!-- setUp -->
        <test-method is-config="true" signature="loginFirst()[pri:0, instance:com.nimap.tests.AddCustomerTest@671a5887]" started-at="2026-09-07T01:16:32 IST" name="loginFirst" finished-at="2026-09-07T01:16:43 IST" duration-ms="11585" status="PASS">
          <reporter-output>
          </reporter-output>
        </test-method> <!-- loginFirst -->
        <test-method signature="validateAddCustomer(java.lang.String,java.lang.String,java.lang.String,java.lang.String)[pri:0, instance:com.nimap.tests.AddCustomerTest@671a5887]" started-at="2026-09-07T01:16:43 IST" name="validateAddCustomer" data-provider="customerData" finished-at="2026-09-07T01:16:59 IST" duration-ms="15895" status="PASS">
          <params>
            <param index="0">
              <value>
                <![CDATA[Amit Verma]]>
              </value>
            </param>
            <param index="1">
              <value>
                <![CDATA[amit.verma@example.com]]>
              </value>
            </param>
            <param index="2">
              <value>
                <![CDATA[9876543212]]>
              </value>
            </param>
            <param index="3">
              <value>
                <![CDATA[Success]]>
              </value>
            </param>
          </params>
          <reporter-output>
          </reporter-output>
        </test-method> <!-- validateAddCustomer -->
        <test-method is-config="true" signature="tearDown()[pri:0, instance:com.nimap.tests.AddCustomerTest@671a5887]" started-at="2026-09-07T01:16:59 IST" name="tearDown" finished-at="2026-09-07T01:16:59 IST" duration-ms="246" status="PASS">
          <reporter-output>
          </reporter-output>
        </test-method> <!-- tearDown -->
        <test-method is-config="true" signature="setUp()[pri:0, instance:com.nimap.tests.AddCustomerTest@671a5887]" started-at="2026-09-07T01:16:59 IST" name="setUp" finished-at="2026-09-07T01:17:03 IST" duration-ms="3799" status="PASS">
          <reporter-output>
          </reporter-output>
        </test-method> <!-- setUp -->
        <test-method is-config="true" signature="loginFirst()[pri:0, instance:com.nimap.tests.AddCustomerTest@671a5887]" started-at="2026-09-07T01:17:03 IST" name="loginFirst" finished-at="2026-09-07T01:17:15 IST" duration-ms="11472" status="PASS">
          <reporter-output>
          </reporter-output>
        </test-method> <!-- loginFirst -->
        <test-method signature="validateAddCustomer(java.lang.String,java.lang.String,java.lang.String,java.lang.String)[pri:0, instance:com.nimap.tests.AddCustomerTest@671a5887]" started-at="2026-09-07T01:17:15 IST" name="validateAddCustomer" data-provider="customerData" finished-at="2026-09-07T01:17:30 IST" duration-ms="14874" status="PASS">
          <params>
            <param index="0">
              <value>
                <![CDATA[Sneha Patil]]>
              </value>
            </param>
            <param index="1">
              <value>
                <![CDATA[sneha.patil@example.com]]>
              </value>
            </param>
            <param index="2">
              <value>
                <![CDATA[9876543213]]>
              </value>
            </param>
            <param index="3">
              <value>
                <![CDATA[Success]]>
              </value>
            </param>
          </params>
          <reporter-output>
          </reporter-output>
        </test-method> <!-- validateAddCustomer -->
        <test-method is-config="true" signature="tearDown()[pri:0, instance:com.nimap.tests.AddCustomerTest@671a5887]" started-at="2026-09-07T01:17:30 IST" name="tearDown" finished-at="2026-09-07T01:17:30 IST" duration-ms="215" status="PASS">
          <reporter-output>
          </reporter-output>
        </test-method> <!-- tearDown -->
      </class> <!-- com.nimap.tests.AddCustomerTest -->
    </test> <!-- Add Customer Tests -->
  </suite> <!-- Nimap FieldForceConnect Suite -->
</testng-results>
