<?xml version="1.0" encoding="UTF-8"?>
<!-- Generated by org.testng.reporters.JUnitXMLReporter -->
<testsuite ignored="0" hostname="prashant" failures="0" tests="4" name="Add Customer Tests" time="131.575" errors="0" timestamp="2026-09-07T01:17:30 IST">
  <testcase classname="com.nimap.tests.AddCustomerTest" name="validateAddCustomer" time="16.305"/>
  <testcase classname="com.nimap.tests.AddCustomerTest" name="validateAddCustomer" time="18.379"/>
  <testcase classname="com.nimap.tests.AddCustomerTest" name="validateAddCustomer" time="15.895"/>
  <testcase classname="com.nimap.tests.AddCustomerTest" name="validateAddCustomer" time="14.874"/>
</testsuite> <!-- Add Customer Tests -->
