<?xml version="1.0" encoding="UTF-8"?>
<!-- Generated by org.testng.reporters.JUnitXMLReporter -->
<testsuite ignored="0" hostname="prashant" failures="0" tests="4" name="Login Tests" time="145.331" errors="0" timestamp="2026-09-07T01:15:18 IST">
  <testcase classname="com.nimap.tests.LoginTest" name="validateLogin" time="21.781"/>
  <testcase classname="com.nimap.tests.LoginTest" name="validateLogin" time="31.108"/>
  <testcase classname="com.nimap.tests.LoginTest" name="validateLogin" time="36.17"/>
  <testcase classname="com.nimap.tests.LoginTest" name="validateLogin" time="36.756"/>
</testsuite> <!-- Login Tests -->
