<?xml version="1.0" encoding="UTF-8"?>
<!-- Generated by org.testng.reporters.JUnitReportReporter -->
<testsuite hostname="prashant" failures="0" tests="4" name="com.nimap.tests.AddCustomerTest" time="131.527" errors="0" timestamp="2026-09-07T01:17:30 IST" skipped="0">
  <testcase classname="com.nimap.tests.AddCustomerTest" name="validateAddCustomer" time="32.251"/>
  <testcase classname="com.nimap.tests.AddCustomerTest" name="validateAddCustomer" time="31.430"/>
  <testcase classname="com.nimap.tests.AddCustomerTest" name="validateAddCustomer" time="31.822"/>
  <testcase classname="com.nimap.tests.AddCustomerTest" name="validateAddCustomer" time="36.024"/>
</testsuite> <!-- com.nimap.tests.AddCustomerTest -->
