<?xml version="1.0" encoding="UTF-8"?>
<!-- Generated by org.testng.reporters.JUnitReportReporter -->
<testsuite hostname="prashant" failures="0" tests="4" name="com.nimap.tests.LoginTest" time="144.699" errors="0" timestamp="2026-09-07T01:17:30 IST" skipped="0">
  <testcase classname="com.nimap.tests.LoginTest" name="validateLogin" time="34.851"/>
  <testcase classname="com.nimap.tests.LoginTest" name="validateLogin" time="41.286"/>
  <testcase classname="com.nimap.tests.LoginTest" name="validateLogin" time="26.684"/>
  <testcase classname="com.nimap.tests.LoginTest" name="validateLogin" time="41.878"/>
</testsuite> <!-- com.nimap.tests.LoginTest -->
